[debug] [2025-08-12T01:54:10.336Z] ----------------------------------------------------------------------
[debug] [2025-08-12T01:54:10.339Z] Command:       /usr/local/bin/node /usr/local/bin/firebase init storage
[debug] [2025-08-12T01:54:10.340Z] CLI Version:   14.11.1
[debug] [2025-08-12T01:54:10.340Z] Platform:      darwin
[debug] [2025-08-12T01:54:10.340Z] Node Version:  v21.7.1
[debug] [2025-08-12T01:54:10.340Z] Time:          Tue Aug 12 2025 10:54:10 GMT+0900 (대한민국 표준시)
[debug] [2025-08-12T01:54:10.340Z] ----------------------------------------------------------------------
[debug] 
[debug] [2025-08-12T01:54:10.344Z] > command requires scopes: ["email","openid","https://www.googleapis.com/auth/cloudplatformprojects.readonly","https://www.googleapis.com/auth/firebase","https://www.googleapis.com/auth/cloud-platform"]
[debug] [2025-08-12T01:54:10.344Z] > authorizing via signed-in user (jungha2@pltt.xyz)
[info] 
     ######## #### ########  ######## ########     ###     ######  ########
     ##        ##  ##     ## ##       ##     ##  ##   ##  ##       ##
     ######    ##  ########  ######   ########  #########  ######  ######
     ##        ##  ##    ##  ##       ##     ## ##     ##       ## ##
     ##       #### ##     ## ######## ########  ##     ##  ######  ########

You're about to initialize a Firebase project in this directory:

  /Users/bag-yeong-yeong/PALLET/00dev/newsVideo

[info] 
=== Project Setup
[info] 
[info] First, let's associate this project directory with a Firebase project.
[info] You can create multiple project aliases by running firebase use --add, 
[info] but for now we'll just set up a default project.
[info] 
[debug] [2025-08-12T01:54:39.898Z] Checked if tokens are valid: false, expires at: 1753758919598
[debug] [2025-08-12T01:54:39.898Z] Checked if tokens are valid: false, expires at: 1753758919598
[debug] [2025-08-12T01:54:39.898Z] > refreshing access token with scopes: []
[debug] [2025-08-12T01:54:39.899Z] >>> [apiv2][query] POST https://www.googleapis.com/oauth2/v3/token [none]
[debug] [2025-08-12T01:54:39.899Z] >>> [apiv2][body] POST https://www.googleapis.com/oauth2/v3/token [omitted]
[debug] [2025-08-12T01:54:40.162Z] <<< [apiv2][status] POST https://www.googleapis.com/oauth2/v3/token 400
[debug] [2025-08-12T01:54:40.162Z] <<< [apiv2][body] POST https://www.googleapis.com/oauth2/v3/token [omitted]
[error] Authentication Error: Your credentials are no longer valid. Please run firebase login --reauth

For CI servers and headless environments, generate a new token with firebase login:ci
[error] Authentication Error: Your credentials are no longer valid. Please run firebase login --reauth

For CI servers and headless environments, generate a new token with firebase login:ci
[debug] [2025-08-12T01:54:40.162Z] Authentication Error: Your credentials are no longer valid. Please run firebase login --reauth

For CI servers and headless environments, generate a new token with firebase login:ci
[debug] [2025-08-12T01:54:40.384Z] FirebaseError: Authentication Error: Your credentials are no longer valid. Please run firebase login --reauth

For CI servers and headless environments, generate a new token with firebase login:ci
    at invalidCredentialError (/usr/local/lib/node_modules/firebase-tools/lib/auth.js:167:12)
    at refreshTokens (/usr/local/lib/node_modules/firebase-tools/lib/auth.js:556:15)
    at process.processTicksAndRejections (node:internal/process/task_queues:95:5)
    at async getAccessToken (/usr/local/lib/node_modules/firebase-tools/lib/apiv2.js:42:18)
    at async Client.addAuthHeader (/usr/local/lib/node_modules/firebase-tools/lib/apiv2.js:169:21)
    at async Client.request (/usr/local/lib/node_modules/firebase-tools/lib/apiv2.js:120:34)
    at async getProjectPage (/usr/local/lib/node_modules/firebase-tools/lib/management/projects.js:267:17)
    at async getFirebaseProjectPage (/usr/local/lib/node_modules/firebase-tools/lib/management/projects.js:284:23)
    at async selectProjectInteractively (/usr/local/lib/node_modules/firebase-tools/lib/management/projects.js:134:41)
    at async Object.doSetup (/usr/local/lib/node_modules/firebase-tools/lib/init/features/project.js:85:31)
[error] 
[error] Error: Failed to list Firebase projects. See firebase-debug.log for more info.
